<?xml version="1.0" encoding="UTF-8"?>
<testsuite name="SolutionTest" tests="2" skipped="0" failures="0" errors="0" timestamp="2022-06-20T15:19:57" hostname="yuanyu-ubuntu" time="0.029">
  <properties/>
  <testcase name="countConnectedExample1()" classname="SolutionTest" time="0.027"/>
  <testcase name="countConnectedExample2()" classname="SolutionTest" time="0.001"/>
  <system-out><![CDATA[]]></system-out>
  <system-err><![CDATA[]]></system-err>
</testsuite>
